2016-03-29 17:48:28.149+0000 INFO  [o.n.k.i.f.CommunityFacadeFactory] No locking implementation specified, defaulting to 'community'
2016-03-29 17:48:28.324+0000 INFO  [o.n.k.AvailabilityGuard] Requirement makes database unavailable: Database available
2016-03-29 17:48:28.339+0000 INFO  [o.n.k.i.DiagnosticsManager] --- INITIALIZED diagnostics START ---
2016-03-29 17:48:28.339+0000 INFO  [o.n.k.i.DiagnosticsManager] Neo4j Kernel properties:
2016-03-29 17:48:28.344+0000 INFO  [o.n.k.i.DiagnosticsManager] org.neo4j.server.webserver.https.keystore.location=data/keystore
2016-03-29 17:48:28.344+0000 INFO  [o.n.k.i.DiagnosticsManager] org.neo4j.server.db.tuning.properties=conf/neo4j.properties
2016-03-29 17:48:28.344+0000 INFO  [o.n.k.i.DiagnosticsManager] org.neo4j.server.database.location=data/graph.db
2016-03-29 17:48:28.344+0000 INFO  [o.n.k.i.DiagnosticsManager] org.neo4j.server.webserver.port=7373
2016-03-29 17:48:28.344+0000 INFO  [o.n.k.i.DiagnosticsManager] org.neo4j.server.http.log.config=conf/neo4j-http-logging.xml
2016-03-29 17:48:28.345+0000 INFO  [o.n.k.i.DiagnosticsManager] dbms.querylog.filename=data/log/queries.log
2016-03-29 17:48:28.345+0000 INFO  [o.n.k.i.DiagnosticsManager] org.neo4j.server.webserver.https.enabled=true
2016-03-29 17:48:28.345+0000 INFO  [o.n.k.i.DiagnosticsManager] org.neo4j.server.http.log.enabled=false
2016-03-29 17:48:28.345+0000 INFO  [o.n.k.i.DiagnosticsManager] dbms.security.tls_certificate_file=conf/ssl/snakeoil.cert
2016-03-29 17:48:28.345+0000 INFO  [o.n.k.i.DiagnosticsManager] org.neo4j.server.webserver.https.port=7272
2016-03-29 17:48:28.346+0000 INFO  [o.n.k.i.DiagnosticsManager] org.neo4j.server.webadmin.rrdb.location=data/rrd
2016-03-29 17:48:28.346+0000 INFO  [o.n.k.i.DiagnosticsManager] remote_shell_enabled=true
2016-03-29 17:48:28.346+0000 INFO  [o.n.k.i.DiagnosticsManager] edition=Community
2016-03-29 17:48:28.346+0000 INFO  [o.n.k.i.DiagnosticsManager] dbms.security.tls_key_file=conf/ssl/snakeoil.key
2016-03-29 17:48:28.346+0000 INFO  [o.n.k.i.DiagnosticsManager] dbms.pagecache.memory=256m
2016-03-29 17:48:28.347+0000 INFO  [o.n.k.i.DiagnosticsManager] dbms.security.auth_enabled=false
2016-03-29 17:48:28.347+0000 INFO  [o.n.k.i.DiagnosticsManager] Diagnostics providers:
2016-03-29 17:48:28.347+0000 INFO  [o.n.k.i.DiagnosticsManager] org.neo4j.kernel.configuration.Config
2016-03-29 17:48:28.347+0000 INFO  [o.n.k.i.DiagnosticsManager] org.neo4j.kernel.info.DiagnosticsManager
2016-03-29 17:48:28.347+0000 INFO  [o.n.k.i.DiagnosticsManager] SYSTEM_MEMORY
2016-03-29 17:48:28.347+0000 INFO  [o.n.k.i.DiagnosticsManager] JAVA_MEMORY
2016-03-29 17:48:28.348+0000 INFO  [o.n.k.i.DiagnosticsManager] OPERATING_SYSTEM
2016-03-29 17:48:28.348+0000 INFO  [o.n.k.i.DiagnosticsManager] JAVA_VIRTUAL_MACHINE
2016-03-29 17:48:28.348+0000 INFO  [o.n.k.i.DiagnosticsManager] CLASSPATH
2016-03-29 17:48:28.348+0000 INFO  [o.n.k.i.DiagnosticsManager] LIBRARY_PATH
2016-03-29 17:48:28.348+0000 INFO  [o.n.k.i.DiagnosticsManager] SYSTEM_PROPERTIES
2016-03-29 17:48:28.348+0000 INFO  [o.n.k.i.DiagnosticsManager] NETWORK
2016-03-29 17:48:28.348+0000 INFO  [o.n.k.i.DiagnosticsManager] System memory information:
2016-03-29 17:48:28.354+0000 INFO  [o.n.k.i.DiagnosticsManager] Total Physical memory: 4.00 GB
2016-03-29 17:48:28.355+0000 INFO  [o.n.k.i.DiagnosticsManager] Free Physical memory: 41.92 MB
2016-03-29 17:48:28.355+0000 INFO  [o.n.k.i.DiagnosticsManager] Committed virtual memory: 3.70 GB
2016-03-29 17:48:28.356+0000 INFO  [o.n.k.i.DiagnosticsManager] Total swap space: 3.00 GB
2016-03-29 17:48:28.357+0000 INFO  [o.n.k.i.DiagnosticsManager] Free swap space: 1.04 GB
2016-03-29 17:48:28.357+0000 INFO  [o.n.k.i.DiagnosticsManager] JVM memory information:
2016-03-29 17:48:28.357+0000 INFO  [o.n.k.i.DiagnosticsManager] Free  memory: 44.68 MB
2016-03-29 17:48:28.357+0000 INFO  [o.n.k.i.DiagnosticsManager] Total memory: 64.00 MB
2016-03-29 17:48:28.357+0000 INFO  [o.n.k.i.DiagnosticsManager] Max   memory: 1.00 GB
2016-03-29 17:48:28.366+0000 INFO  [o.n.k.i.DiagnosticsManager] Garbage Collector: G1 Young Generation: [G1 Eden Space, G1 Survivor Space]
2016-03-29 17:48:28.366+0000 INFO  [o.n.k.i.DiagnosticsManager] Garbage Collector: G1 Old Generation: [G1 Eden Space, G1 Survivor Space, G1 Old Gen, G1 Perm Gen]
2016-03-29 17:48:28.368+0000 INFO  [o.n.k.i.DiagnosticsManager] Memory Pool: Code Cache (Non-heap memory): committed=2.44 MB, used=876.00 kB, max=48.00 MB, threshold=0.00 B
2016-03-29 17:48:28.369+0000 INFO  [o.n.k.i.DiagnosticsManager] Memory Pool: G1 Eden Space (Heap memory): committed=35.00 MB, used=10.00 MB, max=-1.00 B, threshold=?
2016-03-29 17:48:28.370+0000 INFO  [o.n.k.i.DiagnosticsManager] Memory Pool: G1 Survivor Space (Heap memory): committed=5.00 MB, used=5.00 MB, max=-1.00 B, threshold=?
2016-03-29 17:48:28.370+0000 INFO  [o.n.k.i.DiagnosticsManager] Memory Pool: G1 Old Gen (Heap memory): committed=24.00 MB, used=4.00 MB, max=1.00 GB, threshold=0.00 B
2016-03-29 17:48:28.371+0000 INFO  [o.n.k.i.DiagnosticsManager] Memory Pool: G1 Perm Gen (Non-heap memory): committed=20.00 MB, used=12.49 MB, max=82.00 MB, threshold=0.00 B
2016-03-29 17:48:28.371+0000 INFO  [o.n.k.i.DiagnosticsManager] Operating system information:
2016-03-29 17:48:28.373+0000 INFO  [o.n.k.i.DiagnosticsManager] Operating System: Mac OS X; version: 10.11.3; arch: x86_64; cpus: 2
2016-03-29 17:48:28.373+0000 INFO  [o.n.k.i.DiagnosticsManager] Max number of file descriptors: 10.00 kB
2016-03-29 17:48:28.374+0000 INFO  [o.n.k.i.DiagnosticsManager] Number of open file descriptors: 84.00 B
2016-03-29 17:48:28.751+0000 INFO  [o.n.k.i.DiagnosticsManager] Process id: 46006@airwater.local
2016-03-29 17:48:28.752+0000 INFO  [o.n.k.i.DiagnosticsManager] Byte order: LITTLE_ENDIAN
2016-03-29 17:48:28.752+0000 INFO  [o.n.k.i.DiagnosticsManager] Local timezone: America/Chicago
2016-03-29 17:48:28.752+0000 INFO  [o.n.k.i.DiagnosticsManager] JVM information:
2016-03-29 17:48:28.752+0000 INFO  [o.n.k.i.DiagnosticsManager] VM Name: Java HotSpot(TM) 64-Bit Server VM
2016-03-29 17:48:28.753+0000 INFO  [o.n.k.i.DiagnosticsManager] VM Vendor: Oracle Corporation
2016-03-29 17:48:28.753+0000 INFO  [o.n.k.i.DiagnosticsManager] VM Version: 24.51-b03
2016-03-29 17:48:28.754+0000 INFO  [o.n.k.i.DiagnosticsManager] JIT compiler: HotSpot 64-Bit Tiered Compilers
2016-03-29 17:48:28.755+0000 INFO  [o.n.k.i.DiagnosticsManager] VM Arguments: [-XX:+DisableExplicitGC, -Dorg.neo4j.server.properties=conf/neo4j-server.properties, -Dlog4j.configuration=file:conf/log4j.properties, -XX:+UseG1GC, -XX:-OmitStackTraceInFastThrow, -XX:hashCode=5, -Dneo4j.ext.udc.source=tarball, -Dneo4j.home=/Users/tapwater/p/makersquare/arch/checkpoint/neo4j-community-2.3.3, -Dneo4j.instance=/Users/tapwater/p/makersquare/arch/checkpoint/neo4j-community-2.3.3, -Dfile.encoding=UTF-8]
2016-03-29 17:48:28.755+0000 INFO  [o.n.k.i.DiagnosticsManager] Java classpath:
2016-03-29 17:48:28.759+0000 INFO  [o.n.k.i.DiagnosticsManager]  [classpath + loader.0] file:/Users/tapwater/p/makersquare/arch/checkpoint/neo4j-community-2.3.3/system/lib/mimepull-1.9.3.jar
2016-03-29 17:48:28.759+0000 INFO  [o.n.k.i.DiagnosticsManager]  [classpath + loader.0] file:/Users/tapwater/p/makersquare/arch/checkpoint/neo4j-community-2.3.3/system/lib/commons-io-2.4.jar
2016-03-29 17:48:28.760+0000 INFO  [o.n.k.i.DiagnosticsManager]  [bootstrap] /Library/Java/JavaVirtualMachines/jdk1.7.0_51.jdk/Contents/Home/jre/lib/jce.jar
2016-03-29 17:48:28.760+0000 INFO  [o.n.k.i.DiagnosticsManager]  [loader.1] file:/System/Library/Java/Extensions/MRJToolkit.jar
2016-03-29 17:48:28.760+0000 INFO  [o.n.k.i.DiagnosticsManager]  [classpath + loader.0] file:/Users/tapwater/p/makersquare/arch/checkpoint/neo4j-community-2.3.3/system/lib/jetty-util-9.2.9.v20150224.jar
2016-03-29 17:48:28.760+0000 INFO  [o.n.k.i.DiagnosticsManager]  [classpath + loader.0] file:/Users/tapwater/p/makersquare/arch/checkpoint/neo4j-community-2.3.3/system/lib/jetty-servlet-9.2.9.v20150224.jar
2016-03-29 17:48:28.760+0000 INFO  [o.n.k.i.DiagnosticsManager]  [bootstrap] /Library/Java/JavaVirtualMachines/jdk1.7.0_51.jdk/Contents/Home/jre/lib/sunrsasign.jar
2016-03-29 17:48:28.760+0000 INFO  [o.n.k.i.DiagnosticsManager]  [classpath + loader.0] file:/Users/tapwater/p/makersquare/arch/checkpoint/neo4j-community-2.3.3/lib/neo4j-consistency-check-legacy-2.3.3.jar
2016-03-29 17:48:28.761+0000 INFO  [o.n.k.i.DiagnosticsManager]  [classpath + loader.0] file:/Users/tapwater/p/makersquare/arch/checkpoint/neo4j-community-2.3.3/system/lib/rhino-1.7R4.jar
2016-03-29 17:48:28.761+0000 INFO  [o.n.k.i.DiagnosticsManager]  [classpath + loader.0] file:/Users/tapwater/p/makersquare/arch/checkpoint/neo4j-community-2.3.3/system/lib/commons-beanutils-1.8.3.jar
2016-03-29 17:48:28.761+0000 INFO  [o.n.k.i.DiagnosticsManager]  [classpath + loader.0] file:/Users/tapwater/p/makersquare/arch/checkpoint/neo4j-community-2.3.3/system/lib/jackson-jaxrs-1.9.13.jar
2016-03-29 17:48:28.761+0000 INFO  [o.n.k.i.DiagnosticsManager]  [loader.1] file:/Library/Java/JavaVirtualMachines/jdk1.7.0_51.jdk/Contents/Home/jre/lib/ext/sunec.jar
2016-03-29 17:48:28.761+0000 INFO  [o.n.k.i.DiagnosticsManager]  [classpath + loader.0] file:/Users/tapwater/p/makersquare/arch/checkpoint/neo4j-community-2.3.3/lib/parboiled-core-1.1.7.jar
2016-03-29 17:48:28.761+0000 INFO  [o.n.k.i.DiagnosticsManager]  [classpath + loader.0] file:/Users/tapwater/p/makersquare/arch/checkpoint/neo4j-community-2.3.3/system/lib/logback-classic-1.1.2.jar
2016-03-29 17:48:28.761+0000 INFO  [o.n.k.i.DiagnosticsManager]  [classpath + loader.0] file:/Users/tapwater/p/makersquare/arch/checkpoint/neo4j-community-2.3.3/lib/parboiled-scala_2.11-1.1.7.jar
2016-03-29 17:48:28.762+0000 INFO  [o.n.k.i.DiagnosticsManager]  [classpath + loader.0] file:/Users/tapwater/p/makersquare/arch/checkpoint/neo4j-community-2.3.3/lib/neo4j-lucene-index-2.3.3.jar
2016-03-29 17:48:28.762+0000 INFO  [o.n.k.i.DiagnosticsManager]  [classpath + loader.0] file:/Users/tapwater/p/makersquare/arch/checkpoint/neo4j-community-2.3.3/system/lib/neo4j-server-2.3.3-static-web.jar
2016-03-29 17:48:28.762+0000 INFO  [o.n.k.i.DiagnosticsManager]  [classpath + loader.0] file:/Users/tapwater/p/makersquare/arch/checkpoint/neo4j-community-2.3.3/system/lib/neo4j-browser-2.3.3.jar
2016-03-29 17:48:28.762+0000 INFO  [o.n.k.i.DiagnosticsManager]  [classpath + loader.0] file:/Users/tapwater/p/makersquare/arch/checkpoint/neo4j-community-2.3.3/system/lib/bcpkix-jdk15on-1.52.jar
2016-03-29 17:48:28.762+0000 INFO  [o.n.k.i.DiagnosticsManager]  [classpath + loader.0] file:/Users/tapwater/p/makersquare/arch/checkpoint/neo4j-community-2.3.3/system/lib/jetty-io-9.2.9.v20150224.jar
2016-03-29 17:48:28.762+0000 INFO  [o.n.k.i.DiagnosticsManager]  [classpath + loader.0] file:/Users/tapwater/p/makersquare/arch/checkpoint/neo4j-community-2.3.3/lib/scala-library-2.11.7.jar
2016-03-29 17:48:28.762+0000 INFO  [o.n.k.i.DiagnosticsManager]  [classpath + loader.0] file:/Users/tapwater/p/makersquare/arch/checkpoint/neo4j-community-2.3.3/system/lib/netty-all-4.0.28.Final.jar
2016-03-29 17:48:28.763+0000 INFO  [o.n.k.i.DiagnosticsManager]  [classpath + loader.0] file:/Users/tapwater/p/makersquare/arch/checkpoint/neo4j-community-2.3.3/system/lib/jackson-core-asl-1.9.13.jar
2016-03-29 17:48:28.763+0000 INFO  [o.n.k.i.DiagnosticsManager]  [classpath + loader.0] file:/Users/tapwater/p/makersquare/arch/checkpoint/neo4j-community-2.3.3/system/lib/jackson-mapper-asl-1.9.13.jar
2016-03-29 17:48:28.763+0000 INFO  [o.n.k.i.DiagnosticsManager]  [classpath + loader.0] file:/Users/tapwater/p/makersquare/arch/checkpoint/neo4j-community-2.3.3/lib/neo4j-kernel-2.3.3.jar
2016-03-29 17:48:28.763+0000 INFO  [o.n.k.i.DiagnosticsManager]  [loader.1] file:/Library/Java/JavaVirtualMachines/jdk1.7.0_51.jdk/Contents/Home/jre/lib/ext/localedata.jar
2016-03-29 17:48:28.763+0000 INFO  [o.n.k.i.DiagnosticsManager]  [bootstrap] /Library/Java/JavaVirtualMachines/jdk1.7.0_51.jdk/Contents/Home/jre/lib/charsets.jar
2016-03-29 17:48:28.763+0000 INFO  [o.n.k.i.DiagnosticsManager]  [classpath + loader.0] file:/Users/tapwater/p/makersquare/arch/checkpoint/neo4j-community-2.3.3/system/lib/commons-configuration-1.10.jar
2016-03-29 17:48:28.763+0000 INFO  [o.n.k.i.DiagnosticsManager]  [classpath + loader.0] file:/Users/tapwater/p/makersquare/arch/checkpoint/neo4j-community-2.3.3/lib/neo4j-graph-algo-2.3.3.jar
2016-03-29 17:48:28.764+0000 INFO  [o.n.k.i.DiagnosticsManager]  [classpath + loader.0] file:/Users/tapwater/p/makersquare/arch/checkpoint/neo4j-community-2.3.3/lib/commons-lang3-3.3.2.jar
2016-03-29 17:48:28.764+0000 INFO  [o.n.k.i.DiagnosticsManager]  [classpath + loader.0] file:/Users/tapwater/p/makersquare/arch/checkpoint/neo4j-community-2.3.3/system/lib/rrd4j-2.2.jar
2016-03-29 17:48:28.764+0000 INFO  [o.n.k.i.DiagnosticsManager]  [classpath + loader.0] file:/Users/tapwater/p/makersquare/arch/checkpoint/neo4j-community-2.3.3/lib/neo4j-primitive-collections-2.3.3.jar
2016-03-29 17:48:28.764+0000 INFO  [o.n.k.i.DiagnosticsManager]  [classpath + loader.0] file:/Users/tapwater/p/makersquare/arch/checkpoint/neo4j-community-2.3.3/system/lib/jetty-server-9.2.9.v20150224.jar
2016-03-29 17:48:28.764+0000 INFO  [o.n.k.i.DiagnosticsManager]  [bootstrap] /Library/Java/JavaVirtualMachines/jdk1.7.0_51.jdk/Contents/Home/jre/lib/jfr.jar
2016-03-29 17:48:28.765+0000 INFO  [o.n.k.i.DiagnosticsManager]  [classpath + loader.0] file:/Users/tapwater/p/makersquare/arch/checkpoint/neo4j-community-2.3.3/system/lib/jersey-core-1.19.jar
2016-03-29 17:48:28.765+0000 INFO  [o.n.k.i.DiagnosticsManager]  [classpath + loader.0] file:/Users/tapwater/p/makersquare/arch/checkpoint/neo4j-community-2.3.3/lib/neo4j-cypher-frontend-2.3-2.3.3.jar
2016-03-29 17:48:28.765+0000 INFO  [o.n.k.i.DiagnosticsManager]  [classpath + loader.0] file:/Users/tapwater/p/makersquare/arch/checkpoint/neo4j-community-2.3.3/lib/neo4j-codegen-2.3.3.jar
2016-03-29 17:48:28.765+0000 INFO  [o.n.k.i.DiagnosticsManager]  [classpath + loader.0] file:/Users/tapwater/p/makersquare/arch/checkpoint/neo4j-community-2.3.3/lib/neo4j-consistency-check-2.3.3.jar
2016-03-29 17:48:28.765+0000 INFO  [o.n.k.i.DiagnosticsManager]  [loader.1] file:/Library/Java/JavaVirtualMachines/jdk1.7.0_51.jdk/Contents/Home/jre/lib/ext/sunpkcs11.jar
2016-03-29 17:48:28.765+0000 INFO  [o.n.k.i.DiagnosticsManager]  [classpath + loader.0] file:/Users/tapwater/p/makersquare/arch/checkpoint/neo4j-community-2.3.3/lib/server-api-2.3.3.jar
2016-03-29 17:48:28.765+0000 INFO  [o.n.k.i.DiagnosticsManager]  [bootstrap] /Library/Java/JavaVirtualMachines/jdk1.7.0_51.jdk/Contents/Home/jre/lib/jsse.jar
2016-03-29 17:48:28.766+0000 INFO  [o.n.k.i.DiagnosticsManager]  [classpath + loader.0] file:/Users/tapwater/p/makersquare/arch/checkpoint/neo4j-community-2.3.3/system/lib/jersey-server-1.19.jar
2016-03-29 17:48:28.766+0000 INFO  [o.n.k.i.DiagnosticsManager]  [classpath + loader.0] file:/Users/tapwater/p/makersquare/arch/checkpoint/neo4j-community-2.3.3/system/lib/javax.servlet-api-3.1.0.jar
2016-03-29 17:48:28.766+0000 INFO  [o.n.k.i.DiagnosticsManager]  [loader.1] file:/Library/Java/JavaVirtualMachines/jdk1.7.0_51.jdk/Contents/Home/jre/lib/ext/zipfs.jar
2016-03-29 17:48:28.766+0000 INFO  [o.n.k.i.DiagnosticsManager]  [bootstrap] /Library/Java/JavaVirtualMachines/jdk1.7.0_51.jdk/Contents/Home/jre/classes
2016-03-29 17:48:28.766+0000 INFO  [o.n.k.i.DiagnosticsManager]  [classpath + loader.0] file:/Users/tapwater/p/makersquare/arch/checkpoint/neo4j-community-2.3.3/system/lib/slf4j-api-1.7.6.jar
2016-03-29 17:48:28.766+0000 INFO  [o.n.k.i.DiagnosticsManager]  [classpath + loader.0] file:/Users/tapwater/p/makersquare/arch/checkpoint/neo4j-community-2.3.3/system/lib/jetty-webapp-9.2.9.v20150224.jar
2016-03-29 17:48:28.766+0000 INFO  [o.n.k.i.DiagnosticsManager]  [classpath + loader.0] file:/Users/tapwater/p/makersquare/arch/checkpoint/neo4j-community-2.3.3/lib/neo4j-import-tool-2.3.3.jar
2016-03-29 17:48:28.767+0000 INFO  [o.n.k.i.DiagnosticsManager]  [classpath + loader.0] file:/Users/tapwater/p/makersquare/arch/checkpoint/neo4j-community-2.3.3/system/lib/jetty-http-9.2.9.v20150224.jar
2016-03-29 17:48:28.767+0000 INFO  [o.n.k.i.DiagnosticsManager]  [loader.1] file:/Library/Java/JavaVirtualMachines/jdk1.7.0_51.jdk/Contents/Home/jre/lib/ext/sunjce_provider.jar
2016-03-29 17:48:28.767+0000 INFO  [o.n.k.i.DiagnosticsManager]  [classpath + loader.0] file:/Users/tapwater/p/makersquare/arch/checkpoint/neo4j-community-2.3.3/lib/lucene-core-3.6.2.jar
2016-03-29 17:48:28.767+0000 INFO  [o.n.k.i.DiagnosticsManager]  [classpath + loader.0] file:/Users/tapwater/p/makersquare/arch/checkpoint/neo4j-community-2.3.3/system/lib/logback-access-1.1.2.jar
2016-03-29 17:48:28.767+0000 INFO  [o.n.k.i.DiagnosticsManager]  [classpath + loader.0] file:/Users/tapwater/p/makersquare/arch/checkpoint/neo4j-community-2.3.3/lib/neo4j-cypher-2.3.3.jar
2016-03-29 17:48:28.767+0000 INFO  [o.n.k.i.DiagnosticsManager]  [classpath + loader.0] file:/Users/tapwater/p/makersquare/arch/checkpoint/neo4j-community-2.3.3/system/lib/jetty-security-9.2.9.v20150224.jar
2016-03-29 17:48:28.768+0000 INFO  [o.n.k.i.DiagnosticsManager]  [classpath + loader.0] file:/Users/tapwater/p/makersquare/arch/checkpoint/neo4j-community-2.3.3/system/lib/logback-core-1.1.2.jar
2016-03-29 17:48:28.768+0000 INFO  [o.n.k.i.DiagnosticsManager]  [classpath + loader.0] file:/Users/tapwater/p/makersquare/arch/checkpoint/neo4j-community-2.3.3/system/lib/commons-lang-2.6.jar
2016-03-29 17:48:28.768+0000 INFO  [o.n.k.i.DiagnosticsManager]  [classpath + loader.0] file:/Users/tapwater/p/makersquare/arch/checkpoint/neo4j-community-2.3.3/system/lib/neo4j-server-2.3.3.jar
2016-03-29 17:48:28.768+0000 INFO  [o.n.k.i.DiagnosticsManager]  [classpath + loader.0] file:/Users/tapwater/p/makersquare/arch/checkpoint/neo4j-community-2.3.3/lib/neo4j-graph-matching-2.3.3.jar
2016-03-29 17:48:28.768+0000 INFO  [o.n.k.i.DiagnosticsManager]  [classpath + loader.0] file:/Users/tapwater/p/makersquare/arch/checkpoint/neo4j-community-2.3.3/lib/neo4j-cypher-compiler-2.3-2.3.3.jar
2016-03-29 17:48:28.768+0000 INFO  [o.n.k.i.DiagnosticsManager]  [bootstrap] /Library/Java/JavaVirtualMachines/jdk1.7.0_51.jdk/Contents/Home/jre/lib/resources.jar
2016-03-29 17:48:28.769+0000 INFO  [o.n.k.i.DiagnosticsManager]  [classpath + loader.0] file:/Users/tapwater/p/makersquare/arch/checkpoint/neo4j-community-2.3.3/system/lib/jetty-xml-9.2.9.v20150224.jar
2016-03-29 17:48:28.769+0000 INFO  [o.n.k.i.DiagnosticsManager]  [classpath + loader.0] file:/Users/tapwater/p/makersquare/arch/checkpoint/neo4j-community-2.3.3/lib/opencsv-2.3.jar
2016-03-29 17:48:28.769+0000 INFO  [o.n.k.i.DiagnosticsManager]  [classpath + loader.0] file:/Users/tapwater/p/makersquare/arch/checkpoint/neo4j-community-2.3.3/lib/neo4j-csv-2.3.3.jar
2016-03-29 17:48:28.769+0000 INFO  [o.n.k.i.DiagnosticsManager]  [classpath + loader.0] file:/Users/tapwater/p/makersquare/arch/checkpoint/neo4j-community-2.3.3/lib/scala-reflect-2.11.7.jar
2016-03-29 17:48:28.769+0000 INFO  [o.n.k.i.DiagnosticsManager]  [classpath + loader.0] file:/Users/tapwater/p/makersquare/arch/checkpoint/neo4j-community-2.3.3/lib/scala-parser-combinators_2.11-1.0.4.jar
2016-03-29 17:48:28.769+0000 INFO  [o.n.k.i.DiagnosticsManager]  [classpath + loader.0] file:/Users/tapwater/p/makersquare/arch/checkpoint/neo4j-community-2.3.3/lib/neo4j-udc-2.3.3.jar
2016-03-29 17:48:28.770+0000 INFO  [o.n.k.i.DiagnosticsManager]  [loader.1] file:/Library/Java/JavaVirtualMachines/jdk1.7.0_51.jdk/Contents/Home/jre/lib/ext/dnsns.jar
2016-03-29 17:48:28.770+0000 INFO  [o.n.k.i.DiagnosticsManager]  [classpath + loader.0] file:/Users/tapwater/p/makersquare/arch/checkpoint/neo4j-community-2.3.3/lib/jline-2.12.jar
2016-03-29 17:48:28.770+0000 INFO  [o.n.k.i.DiagnosticsManager]  [classpath + loader.0] file:/Users/tapwater/p/makersquare/arch/checkpoint/neo4j-community-2.3.3/lib/concurrentlinkedhashmap-lru-1.4.2.jar
2016-03-29 17:48:28.770+0000 INFO  [o.n.k.i.DiagnosticsManager]  [bootstrap] /Library/Java/JavaVirtualMachines/jdk1.7.0_51.jdk/Contents/Home/jre/lib/rt.jar
2016-03-29 17:48:28.770+0000 INFO  [o.n.k.i.DiagnosticsManager]  [classpath + loader.0] file:/Users/tapwater/p/makersquare/arch/checkpoint/neo4j-community-2.3.3/lib/neo4j-shell-2.3.3.jar
2016-03-29 17:48:28.770+0000 INFO  [o.n.k.i.DiagnosticsManager]  [classpath + loader.0] file:/Users/tapwater/p/makersquare/arch/checkpoint/neo4j-community-2.3.3/system/lib/commons-logging-1.1.1.jar
2016-03-29 17:48:28.770+0000 INFO  [o.n.k.i.DiagnosticsManager]  [classpath + loader.0] file:/Users/tapwater/p/makersquare/arch/checkpoint/neo4j-community-2.3.3/system/lib/jersey-multipart-1.19.jar
2016-03-29 17:48:28.771+0000 INFO  [o.n.k.i.DiagnosticsManager]  [classpath + loader.0] file:/Users/tapwater/p/makersquare/arch/checkpoint/neo4j-community-2.3.3/lib/neo4j-logging-2.3.3.jar
2016-03-29 17:48:28.771+0000 INFO  [o.n.k.i.DiagnosticsManager]  [classpath + loader.0] file:/Users/tapwater/p/makersquare/arch/checkpoint/neo4j-community-2.3.3/lib/neo4j-function-2.3.3.jar
2016-03-29 17:48:28.771+0000 INFO  [o.n.k.i.DiagnosticsManager]  [classpath + loader.0] file:/Users/tapwater/p/makersquare/arch/checkpoint/neo4j-community-2.3.3/system/lib/bcprov-jdk15on-1.52.jar
2016-03-29 17:48:28.771+0000 INFO  [o.n.k.i.DiagnosticsManager]  [classpath + loader.0] file:/Users/tapwater/p/makersquare/arch/checkpoint/neo4j-community-2.3.3/lib/neo4j-jmx-2.3.3.jar
2016-03-29 17:48:28.771+0000 INFO  [o.n.k.i.DiagnosticsManager]  [classpath + loader.0] file:/Users/tapwater/p/makersquare/arch/checkpoint/neo4j-community-2.3.3/lib/neo4j-cypher-compiler-2.2_2.11-2.2.6.jar
2016-03-29 17:48:28.771+0000 INFO  [o.n.k.i.DiagnosticsManager]  [classpath + loader.0] file:/Users/tapwater/p/makersquare/arch/checkpoint/neo4j-community-2.3.3/system/lib/asm-5.0.2.jar
2016-03-29 17:48:28.771+0000 INFO  [o.n.k.i.DiagnosticsManager]  [classpath + loader.0] file:/Users/tapwater/p/makersquare/arch/checkpoint/neo4j-community-2.3.3/system/lib/commons-digester-2.1.jar
2016-03-29 17:48:28.772+0000 INFO  [o.n.k.i.DiagnosticsManager]  [classpath + loader.0] file:/Users/tapwater/p/makersquare/arch/checkpoint/neo4j-community-2.3.3/conf/
2016-03-29 17:48:28.772+0000 INFO  [o.n.k.i.DiagnosticsManager]  [classpath + loader.0] file:/Users/tapwater/p/makersquare/arch/checkpoint/neo4j-community-2.3.3/system/lib/jersey-servlet-1.19.jar
2016-03-29 17:48:28.772+0000 INFO  [o.n.k.i.DiagnosticsManager]  [classpath + loader.0] file:/Users/tapwater/p/makersquare/arch/checkpoint/neo4j-community-2.3.3/lib/neo4j-cypher-compiler-1.9_2.11-2.0.5.jar
2016-03-29 17:48:28.772+0000 INFO  [o.n.k.i.DiagnosticsManager]  [classpath + loader.0] file:/Users/tapwater/p/makersquare/arch/checkpoint/neo4j-community-2.3.3/lib/neo4j-unsafe-2.3.3.jar
2016-03-29 17:48:28.772+0000 INFO  [o.n.k.i.DiagnosticsManager]  [classpath + loader.0] file:/Users/tapwater/p/makersquare/arch/checkpoint/neo4j-community-2.3.3/system/lib/jsr311-api-1.1.2.r612.jar
2016-03-29 17:48:28.772+0000 INFO  [o.n.k.i.DiagnosticsManager]  [classpath + loader.0] file:/Users/tapwater/p/makersquare/arch/checkpoint/neo4j-community-2.3.3/lib/neo4j-io-2.3.3.jar
2016-03-29 17:48:28.772+0000 INFO  [o.n.k.i.DiagnosticsManager] Library path:
2016-03-29 17:48:28.773+0000 INFO  [o.n.k.i.DiagnosticsManager] /Users/tapwater/Library/Java/Extensions
2016-03-29 17:48:28.773+0000 INFO  [o.n.k.i.DiagnosticsManager] /Library/Java/Extensions
2016-03-29 17:48:28.773+0000 INFO  [o.n.k.i.DiagnosticsManager] /Network/Library/Java/Extensions
2016-03-29 17:48:28.774+0000 INFO  [o.n.k.i.DiagnosticsManager] /System/Library/Java/Extensions
2016-03-29 17:48:28.774+0000 INFO  [o.n.k.i.DiagnosticsManager] /usr/lib/java
2016-03-29 17:48:28.774+0000 INFO  [o.n.k.i.DiagnosticsManager] /Users/tapwater/p/makersquare/arch/checkpoint/neo4j-community-2.3.3
2016-03-29 17:48:28.774+0000 INFO  [o.n.k.i.DiagnosticsManager] System.properties:
2016-03-29 17:48:28.775+0000 INFO  [o.n.k.i.DiagnosticsManager] sun.boot.library.path = /Library/Java/JavaVirtualMachines/jdk1.7.0_51.jdk/Contents/Home/jre/lib
2016-03-29 17:48:28.775+0000 INFO  [o.n.k.i.DiagnosticsManager] org.neo4j.server.properties = conf/neo4j-server.properties
2016-03-29 17:48:28.775+0000 INFO  [o.n.k.i.DiagnosticsManager] gopherProxySet = false
2016-03-29 17:48:28.775+0000 INFO  [o.n.k.i.DiagnosticsManager] path.separator = :
2016-03-29 17:48:28.775+0000 INFO  [o.n.k.i.DiagnosticsManager] file.encoding.pkg = sun.io
2016-03-29 17:48:28.776+0000 INFO  [o.n.k.i.DiagnosticsManager] user.country = US
2016-03-29 17:48:28.776+0000 INFO  [o.n.k.i.DiagnosticsManager] sun.java.launcher = SUN_STANDARD
2016-03-29 17:48:28.776+0000 INFO  [o.n.k.i.DiagnosticsManager] sun.os.patch.level = unknown
2016-03-29 17:48:28.776+0000 INFO  [o.n.k.i.DiagnosticsManager] user.dir = /Users/tapwater/p/makersquare/arch/checkpoint/neo4j-community-2.3.3
2016-03-29 17:48:28.776+0000 INFO  [o.n.k.i.DiagnosticsManager] neo4j.ext.udc.source = tarball
2016-03-29 17:48:28.776+0000 INFO  [o.n.k.i.DiagnosticsManager] log4j.configuration = file:conf/log4j.properties
2016-03-29 17:48:28.777+0000 INFO  [o.n.k.i.DiagnosticsManager] sun.jnu.encoding = UTF-8
2016-03-29 17:48:28.777+0000 INFO  [o.n.k.i.DiagnosticsManager] sun.management.compiler = HotSpot 64-Bit Tiered Compilers
2016-03-29 17:48:28.777+0000 INFO  [o.n.k.i.DiagnosticsManager] http.nonProxyHosts = local|*.local|169.254/16|*.169.254/16
2016-03-29 17:48:28.777+0000 INFO  [o.n.k.i.DiagnosticsManager] user.home = /Users/tapwater
2016-03-29 17:48:28.777+0000 INFO  [o.n.k.i.DiagnosticsManager] user.timezone = America/Chicago
2016-03-29 17:48:28.777+0000 INFO  [o.n.k.i.DiagnosticsManager] file.encoding = UTF-8
2016-03-29 17:48:28.777+0000 INFO  [o.n.k.i.DiagnosticsManager] user.name = tapwater
2016-03-29 17:48:28.779+0000 INFO  [o.n.k.i.DiagnosticsManager] sun.java.command = org.neo4j.server.CommunityBootstrapper
2016-03-29 17:48:28.780+0000 INFO  [o.n.k.i.DiagnosticsManager] sun.arch.data.model = 64
2016-03-29 17:48:28.780+0000 INFO  [o.n.k.i.DiagnosticsManager] user.language = en
2016-03-29 17:48:28.780+0000 INFO  [o.n.k.i.DiagnosticsManager] awt.toolkit = sun.lwawt.macosx.LWCToolkit
2016-03-29 17:48:28.781+0000 INFO  [o.n.k.i.DiagnosticsManager] file.separator = /
2016-03-29 17:48:28.781+0000 INFO  [o.n.k.i.DiagnosticsManager] sun.io.unicode.encoding = UnicodeBig
2016-03-29 17:48:28.781+0000 INFO  [o.n.k.i.DiagnosticsManager] sun.cpu.endian = little
2016-03-29 17:48:28.781+0000 INFO  [o.n.k.i.DiagnosticsManager] socksNonProxyHosts = local|*.local|169.254/16|*.169.254/16
2016-03-29 17:48:28.781+0000 INFO  [o.n.k.i.DiagnosticsManager] neo4j.instance = /Users/tapwater/p/makersquare/arch/checkpoint/neo4j-community-2.3.3
2016-03-29 17:48:28.781+0000 INFO  [o.n.k.i.DiagnosticsManager] ftp.nonProxyHosts = local|*.local|169.254/16|*.169.254/16
2016-03-29 17:48:28.781+0000 INFO  [o.n.k.i.DiagnosticsManager] neo4j.home = /Users/tapwater/p/makersquare/arch/checkpoint/neo4j-community-2.3.3
2016-03-29 17:48:28.782+0000 INFO  [o.n.k.i.DiagnosticsManager] sun.cpu.isalist = 
2016-03-29 17:48:28.782+0000 INFO  [o.n.k.i.DiagnosticsManager] Network information:
2016-03-29 17:48:28.786+0000 INFO  [o.n.k.i.DiagnosticsManager] Interface en0:
2016-03-29 17:48:28.787+0000 INFO  [o.n.k.i.DiagnosticsManager]     address: fe80:0:0:0:1293:e9ff:fe0c:6ab0%4
2016-03-29 17:48:28.787+0000 INFO  [o.n.k.i.DiagnosticsManager]     address: 192.168.1.215
2016-03-29 17:48:28.787+0000 INFO  [o.n.k.i.DiagnosticsManager] Interface lo0:
2016-03-29 17:48:28.788+0000 INFO  [o.n.k.i.DiagnosticsManager]     address: fe80:0:0:0:0:0:0:1%1
2016-03-29 17:48:28.788+0000 INFO  [o.n.k.i.DiagnosticsManager]     address: 0:0:0:0:0:0:0:1
2016-03-29 17:48:28.788+0000 INFO  [o.n.k.i.DiagnosticsManager]     address: 127.0.0.1
2016-03-29 17:48:28.788+0000 INFO  [o.n.k.i.DiagnosticsManager] --- INITIALIZED diagnostics END ---
2016-03-29 17:48:29.983+0000 INFO  [o.n.k.a.i.i.LuceneLabelScanStore] No lucene scan store index found, this might just be first use. Preparing to rebuild.
2016-03-29 17:48:30.211+0000 INFO  [o.n.k.NeoStoreDataSource] Opened logical log [/Users/tapwater/p/makersquare/arch/checkpoint/neo4j-community-2.3.3/data/graph.db/neostore.transaction.db.0] version=0, lastTxId=1 (clean)
2016-03-29 17:48:30.228+0000 WARN  [o.n.k.i.s.MetaDataStore] Missing counts store, rebuilding it.
2016-03-29 17:48:30.389+0000 INFO  [o.n.k.a.i.i.LuceneLabelScanStore] Rebuilding lucene scan store, this may take a while
2016-03-29 17:48:30.391+0000 INFO  [o.n.k.a.i.i.LuceneLabelScanStore] Lucene scan store rebuilt (roughly -1 nodes)
2016-03-29 17:48:30.402+0000 INFO  [o.n.k.KernelHealth] Kernel health set to OK
2016-03-29 17:48:31.297+0000 INFO  [o.n.k.AvailabilityGuard] Fulfilling of requirement makes database available: Database available
2016-03-29 17:48:31.298+0000 INFO  [o.n.k.i.f.CommunityFacadeFactory] Database is now ready
2016-03-29 17:48:31.302+0000 INFO  [o.n.k.i.DiagnosticsManager] --- STARTED diagnostics for KernelDiagnostics:Versions START ---
2016-03-29 17:48:31.302+0000 INFO  [o.n.k.i.DiagnosticsManager] Graph Database: Community StoreId{creationTime=1459273709701, randomId=-1253661556793147850, storeVersion=15250506225055238, upgradeTime=1459273709701, upgradeId=1}
2016-03-29 17:48:31.302+0000 INFO  [o.n.k.i.DiagnosticsManager] Kernel version: 2.3.3,4623254
2016-03-29 17:48:31.303+0000 INFO  [o.n.k.i.DiagnosticsManager] --- STARTED diagnostics for KernelDiagnostics:Versions END ---
2016-03-29 17:48:31.306+0000 INFO  [o.n.k.i.DiagnosticsManager] --- STARTED diagnostics for NEO_STORE_VERSIONS START ---
2016-03-29 17:48:31.306+0000 INFO  [o.n.k.i.DiagnosticsManager] Store versions:
2016-03-29 17:48:31.306+0000 INFO  [o.n.k.i.DiagnosticsManager] Store versions:
2016-03-29 17:48:31.306+0000 INFO  [o.n.k.i.DiagnosticsManager] ArrayPropertyStore v0.A.6
2016-03-29 17:48:31.306+0000 INFO  [o.n.k.i.DiagnosticsManager] NodeStore v0.A.6
2016-03-29 17:48:31.306+0000 INFO  [o.n.k.i.DiagnosticsManager] StringPropertyStore v0.A.6
2016-03-29 17:48:31.307+0000 INFO  [o.n.k.i.DiagnosticsManager] PropertyIndexStore v0.A.6
2016-03-29 17:48:31.307+0000 INFO  [o.n.k.i.DiagnosticsManager] StringPropertyStore v0.A.6
2016-03-29 17:48:31.307+0000 INFO  [o.n.k.i.DiagnosticsManager] ArrayPropertyStore v0.A.6
2016-03-29 17:48:31.308+0000 INFO  [o.n.k.i.DiagnosticsManager] PropertyStore v0.A.6
2016-03-29 17:48:31.308+0000 INFO  [o.n.k.i.DiagnosticsManager] RelationshipStore v0.A.6
2016-03-29 17:48:31.308+0000 INFO  [o.n.k.i.DiagnosticsManager] StringPropertyStore v0.A.6
2016-03-29 17:48:31.308+0000 INFO  [o.n.k.i.DiagnosticsManager] RelationshipTypeStore v0.A.6
2016-03-29 17:48:31.308+0000 INFO  [o.n.k.i.DiagnosticsManager] StringPropertyStore v0.A.6
2016-03-29 17:48:31.308+0000 INFO  [o.n.k.i.DiagnosticsManager] LabelTokenStore v0.A.6
2016-03-29 17:48:31.309+0000 INFO  [o.n.k.i.DiagnosticsManager] SchemaStore v0.A.6
2016-03-29 17:48:31.309+0000 INFO  [o.n.k.i.DiagnosticsManager] RelationshipGroupStore v0.A.6
2016-03-29 17:48:31.309+0000 INFO  [o.n.k.i.DiagnosticsManager] NeoStore v0.A.6
2016-03-29 17:48:31.309+0000 INFO  [o.n.k.i.DiagnosticsManager] --- STARTED diagnostics for NEO_STORE_VERSIONS END ---
2016-03-29 17:48:31.309+0000 INFO  [o.n.k.i.DiagnosticsManager] --- STARTED diagnostics for NEO_STORE_ID_USAGE START ---
2016-03-29 17:48:31.309+0000 INFO  [o.n.k.i.DiagnosticsManager] Id usage:
2016-03-29 17:48:31.310+0000 INFO  [o.n.k.i.DiagnosticsManager] Id usage:
2016-03-29 17:48:31.310+0000 INFO  [o.n.k.i.DiagnosticsManager]   ArrayPropertyStore v0.A.6: used=1 high=0
2016-03-29 17:48:31.310+0000 INFO  [o.n.k.i.DiagnosticsManager]   NodeStore v0.A.6: used=0 high=-1
2016-03-29 17:48:31.311+0000 INFO  [o.n.k.i.DiagnosticsManager]   StringPropertyStore v0.A.6: used=1 high=0
2016-03-29 17:48:31.311+0000 INFO  [o.n.k.i.DiagnosticsManager]   PropertyIndexStore v0.A.6: used=0 high=-1
2016-03-29 17:48:31.311+0000 INFO  [o.n.k.i.DiagnosticsManager]   StringPropertyStore v0.A.6: used=1 high=0
2016-03-29 17:48:31.312+0000 INFO  [o.n.k.i.DiagnosticsManager]   ArrayPropertyStore v0.A.6: used=1 high=0
2016-03-29 17:48:31.312+0000 INFO  [o.n.k.i.DiagnosticsManager]   PropertyStore v0.A.6: used=0 high=-1
2016-03-29 17:48:31.313+0000 INFO  [o.n.k.i.DiagnosticsManager]   RelationshipStore v0.A.6: used=0 high=-1
2016-03-29 17:48:31.313+0000 INFO  [o.n.k.i.DiagnosticsManager]   StringPropertyStore v0.A.6: used=1 high=0
2016-03-29 17:48:31.313+0000 INFO  [o.n.k.i.DiagnosticsManager]   RelationshipTypeStore v0.A.6: used=0 high=-1
2016-03-29 17:48:31.313+0000 INFO  [o.n.k.i.DiagnosticsManager]   StringPropertyStore v0.A.6: used=1 high=0
2016-03-29 17:48:31.314+0000 INFO  [o.n.k.i.DiagnosticsManager]   LabelTokenStore v0.A.6: used=0 high=-1
2016-03-29 17:48:31.314+0000 INFO  [o.n.k.i.DiagnosticsManager]   SchemaStore v0.A.6: used=1 high=0
2016-03-29 17:48:31.314+0000 INFO  [o.n.k.i.DiagnosticsManager]   RelationshipGroupStore v0.A.6: used=1 high=0
2016-03-29 17:48:31.314+0000 INFO  [o.n.k.i.DiagnosticsManager]   NeoStore v0.A.6: used=13 high=12
2016-03-29 17:48:31.315+0000 INFO  [o.n.k.i.DiagnosticsManager] --- STARTED diagnostics for NEO_STORE_ID_USAGE END ---
2016-03-29 17:48:31.315+0000 INFO  [o.n.k.i.DiagnosticsManager] --- STARTED diagnostics for NEO_STORE_RECORDS START ---
2016-03-29 17:48:31.315+0000 INFO  [o.n.k.i.DiagnosticsManager] Neostore records:
2016-03-29 17:48:31.316+0000 INFO  [o.n.k.i.DiagnosticsManager] TIME (Creation time): 1459273709701
2016-03-29 17:48:31.316+0000 INFO  [o.n.k.i.DiagnosticsManager] RANDOM_NUMBER (Random number for store id): -1253661556793147850
2016-03-29 17:48:31.317+0000 INFO  [o.n.k.i.DiagnosticsManager] LOG_VERSION (Current log version): 0
2016-03-29 17:48:31.317+0000 INFO  [o.n.k.i.DiagnosticsManager] LAST_TRANSACTION_ID (Last committed transaction): 1
2016-03-29 17:48:31.317+0000 INFO  [o.n.k.i.DiagnosticsManager] STORE_VERSION (Store format version): 15250506225055238
2016-03-29 17:48:31.317+0000 INFO  [o.n.k.i.DiagnosticsManager] FIRST_GRAPH_PROPERTY (First property record containing graph properties): -1
2016-03-29 17:48:31.317+0000 INFO  [o.n.k.i.DiagnosticsManager] LAST_CONSTRAINT_TRANSACTION (Last committed transaction containing constraint changes): 0
2016-03-29 17:48:31.317+0000 INFO  [o.n.k.i.DiagnosticsManager] UPGRADE_TRANSACTION_ID (Transaction id most recent upgrade was performed at): 1
2016-03-29 17:48:31.318+0000 INFO  [o.n.k.i.DiagnosticsManager] UPGRADE_TIME (Time of last upgrade): 1459273709701
2016-03-29 17:48:31.318+0000 INFO  [o.n.k.i.DiagnosticsManager] LAST_TRANSACTION_CHECKSUM (Checksum of last committed transaction): 0
2016-03-29 17:48:31.318+0000 INFO  [o.n.k.i.DiagnosticsManager] UPGRADE_TRANSACTION_CHECKSUM (Checksum of transaction id the most recent upgrade was performed at): 0
2016-03-29 17:48:31.318+0000 INFO  [o.n.k.i.DiagnosticsManager] LAST_CLOSED_TRANSACTION_LOG_VERSION (Log version where the last transaction commit entry has been written into): 0
2016-03-29 17:48:31.318+0000 INFO  [o.n.k.i.DiagnosticsManager] LAST_CLOSED_TRANSACTION_LOG_BYTE_OFFSET (Byte offset in the log file where the last transaction commit entry has been written into): 16
2016-03-29 17:48:31.318+0000 INFO  [o.n.k.i.DiagnosticsManager] --- STARTED diagnostics for NEO_STORE_RECORDS END ---
2016-03-29 17:48:31.319+0000 INFO  [o.n.k.i.DiagnosticsManager] --- STARTED diagnostics for TRANSACTION_RANGE START ---
2016-03-29 17:48:31.319+0000 INFO  [o.n.k.i.DiagnosticsManager] Transaction log:
2016-03-29 17:48:31.320+0000 INFO  [o.n.k.i.DiagnosticsManager] No transactions found in any log
2016-03-29 17:48:31.320+0000 INFO  [o.n.k.i.DiagnosticsManager] --- STARTED diagnostics for TRANSACTION_RANGE END ---
2016-03-29 17:48:31.321+0000 INFO  [o.n.k.i.DiagnosticsManager] --- STARTED diagnostics for KernelDiagnostics:StoreFiles START ---
2016-03-29 17:48:31.322+0000 INFO  [o.n.k.i.DiagnosticsManager] Disk space on partition (Total / Free / Free %): 120473067520 / 14845882368 / 12
Storage files: (filename : modification date - size)
2016-03-29 17:48:31.324+0000 INFO  [o.n.k.i.DiagnosticsManager]   index:
2016-03-29 17:48:31.325+0000 INFO  [o.n.k.i.DiagnosticsManager]   - Total: 2016-03-29T12:48:29-0500 - 0.00 B
2016-03-29 17:48:31.326+0000 INFO  [o.n.k.i.DiagnosticsManager]   messages.log: 2016-03-29T12:48:31-0500 - 35.40 kB
2016-03-29 17:48:31.341+0000 INFO  [o.n.k.i.DiagnosticsManager]   neostore: 2016-03-29T12:48:29-0500 - 8.00 kB
2016-03-29 17:48:31.342+0000 INFO  [o.n.k.i.DiagnosticsManager]   neostore.counts.db.a: 2016-03-29T12:48:30-0500 - 96.00 B
2016-03-29 17:48:31.343+0000 INFO  [o.n.k.i.DiagnosticsManager]   neostore.id: 2016-03-29T12:48:29-0500 - 9.00 B
2016-03-29 17:48:31.343+0000 INFO  [o.n.k.i.DiagnosticsManager]   neostore.labeltokenstore.db: 2016-03-29T12:48:29-0500 - 0.00 B
2016-03-29 17:48:31.344+0000 INFO  [o.n.k.i.DiagnosticsManager]   neostore.labeltokenstore.db.id: 2016-03-29T12:48:29-0500 - 9.00 B
2016-03-29 17:48:31.344+0000 INFO  [o.n.k.i.DiagnosticsManager]   neostore.labeltokenstore.db.names: 2016-03-29T12:48:29-0500 - 8.00 kB
2016-03-29 17:48:31.376+0000 INFO  [o.n.k.i.DiagnosticsManager]   neostore.labeltokenstore.db.names.id: 2016-03-29T12:48:29-0500 - 9.00 B
2016-03-29 17:48:31.377+0000 INFO  [o.n.k.i.DiagnosticsManager]   neostore.nodestore.db: 2016-03-29T12:48:29-0500 - 0.00 B
2016-03-29 17:48:31.377+0000 INFO  [o.n.k.i.DiagnosticsManager]   neostore.nodestore.db.id: 2016-03-29T12:48:29-0500 - 9.00 B
2016-03-29 17:48:31.380+0000 INFO  [o.n.k.i.DiagnosticsManager]   neostore.nodestore.db.labels: 2016-03-29T12:48:29-0500 - 8.00 kB
2016-03-29 17:48:31.381+0000 INFO  [o.n.k.i.DiagnosticsManager]   neostore.nodestore.db.labels.id: 2016-03-29T12:48:29-0500 - 9.00 B
2016-03-29 17:48:31.381+0000 INFO  [o.n.k.i.DiagnosticsManager]   neostore.propertystore.db: 2016-03-29T12:48:29-0500 - 0.00 B
2016-03-29 17:48:31.382+0000 INFO  [o.n.k.i.DiagnosticsManager]   neostore.propertystore.db.arrays: 2016-03-29T12:48:29-0500 - 8.00 kB
2016-03-29 17:48:31.382+0000 INFO  [o.n.k.i.DiagnosticsManager]   neostore.propertystore.db.arrays.id: 2016-03-29T12:48:29-0500 - 9.00 B
2016-03-29 17:48:31.382+0000 INFO  [o.n.k.i.DiagnosticsManager]   neostore.propertystore.db.id: 2016-03-29T12:48:29-0500 - 9.00 B
2016-03-29 17:48:31.383+0000 INFO  [o.n.k.i.DiagnosticsManager]   neostore.propertystore.db.index: 2016-03-29T12:48:29-0500 - 0.00 B
2016-03-29 17:48:31.383+0000 INFO  [o.n.k.i.DiagnosticsManager]   neostore.propertystore.db.index.id: 2016-03-29T12:48:29-0500 - 9.00 B
2016-03-29 17:48:31.384+0000 INFO  [o.n.k.i.DiagnosticsManager]   neostore.propertystore.db.index.keys: 2016-03-29T12:48:29-0500 - 8.00 kB
2016-03-29 17:48:31.384+0000 INFO  [o.n.k.i.DiagnosticsManager]   neostore.propertystore.db.index.keys.id: 2016-03-29T12:48:29-0500 - 9.00 B
2016-03-29 17:48:31.386+0000 INFO  [o.n.k.i.DiagnosticsManager]   neostore.propertystore.db.strings: 2016-03-29T12:48:29-0500 - 8.00 kB
2016-03-29 17:48:31.387+0000 INFO  [o.n.k.i.DiagnosticsManager]   neostore.propertystore.db.strings.id: 2016-03-29T12:48:29-0500 - 9.00 B
2016-03-29 17:48:31.387+0000 INFO  [o.n.k.i.DiagnosticsManager]   neostore.relationshipgroupstore.db: 2016-03-29T12:48:29-0500 - 8.00 kB
2016-03-29 17:48:31.388+0000 INFO  [o.n.k.i.DiagnosticsManager]   neostore.relationshipgroupstore.db.id: 2016-03-29T12:48:29-0500 - 9.00 B
2016-03-29 17:48:31.388+0000 INFO  [o.n.k.i.DiagnosticsManager]   neostore.relationshipstore.db: 2016-03-29T12:48:29-0500 - 0.00 B
2016-03-29 17:48:31.389+0000 INFO  [o.n.k.i.DiagnosticsManager]   neostore.relationshipstore.db.id: 2016-03-29T12:48:29-0500 - 9.00 B
2016-03-29 17:48:31.389+0000 INFO  [o.n.k.i.DiagnosticsManager]   neostore.relationshiptypestore.db: 2016-03-29T12:48:29-0500 - 0.00 B
2016-03-29 17:48:31.390+0000 INFO  [o.n.k.i.DiagnosticsManager]   neostore.relationshiptypestore.db.id: 2016-03-29T12:48:29-0500 - 9.00 B
2016-03-29 17:48:31.390+0000 INFO  [o.n.k.i.DiagnosticsManager]   neostore.relationshiptypestore.db.names: 2016-03-29T12:48:29-0500 - 8.00 kB
2016-03-29 17:48:31.391+0000 INFO  [o.n.k.i.DiagnosticsManager]   neostore.relationshiptypestore.db.names.id: 2016-03-29T12:48:29-0500 - 9.00 B
2016-03-29 17:48:31.391+0000 INFO  [o.n.k.i.DiagnosticsManager]   neostore.schemastore.db: 2016-03-29T12:48:29-0500 - 8.00 kB
2016-03-29 17:48:31.391+0000 INFO  [o.n.k.i.DiagnosticsManager]   neostore.schemastore.db.id: 2016-03-29T12:48:29-0500 - 9.00 B
2016-03-29 17:48:31.392+0000 INFO  [o.n.k.i.DiagnosticsManager]   neostore.transaction.db.0: 2016-03-29T12:48:30-0500 - 16.00 B
2016-03-29 17:48:31.392+0000 INFO  [o.n.k.i.DiagnosticsManager]   schema:
2016-03-29 17:48:31.392+0000 INFO  [o.n.k.i.DiagnosticsManager]     label:
2016-03-29 17:48:31.393+0000 INFO  [o.n.k.i.DiagnosticsManager]       lucene:
2016-03-29 17:48:31.393+0000 INFO  [o.n.k.i.DiagnosticsManager]         write.lock: 2016-03-29T12:48:30-0500 - 0.00 B
2016-03-29 17:48:31.394+0000 INFO  [o.n.k.i.DiagnosticsManager]       - Total: 2016-03-29T12:48:30-0500 - 0.00 B
2016-03-29 17:48:31.394+0000 INFO  [o.n.k.i.DiagnosticsManager]     - Total: 2016-03-29T12:48:29-0500 - 0.00 B
2016-03-29 17:48:31.399+0000 INFO  [o.n.k.i.DiagnosticsManager]   - Total: 2016-03-29T12:48:29-0500 - 0.00 B
2016-03-29 17:48:31.399+0000 INFO  [o.n.k.i.DiagnosticsManager]   store_lock: 2016-03-29T12:48:29-0500 - 0.00 B
2016-03-29 17:48:31.400+0000 INFO  [o.n.k.i.DiagnosticsManager] --- STARTED diagnostics for KernelDiagnostics:StoreFiles END ---
2016-03-29 17:48:35.640+0000 INFO  [o.n.k.i.DiagnosticsManager] --- SERVER STARTED START ---
2016-03-29 17:48:40.360+0000 INFO  [o.n.k.i.DiagnosticsManager] --- SERVER STARTED END ---
2016-03-29 17:52:21.190+0000 INFO  [o.n.k.i.f.GraphDatabaseFacade] Shutdown started
2016-03-29 17:52:21.191+0000 INFO  [o.n.k.i.f.CommunityFacadeFactory] Database is now unavailable
2016-03-29 17:52:21.239+0000 INFO  [o.n.k.i.t.l.c.CheckPointerImpl] Check Pointing triggered by database shutdown [1]:  Starting check pointing...
2016-03-29 17:52:21.240+0000 INFO  [o.n.k.i.t.l.c.CheckPointerImpl] Check Pointing triggered by database shutdown [1]:  Starting store flush...
2016-03-29 17:52:21.258+0000 INFO  [o.n.k.i.t.l.c.CheckPointerImpl] Check Pointing triggered by database shutdown [1]:  Store flush completed
2016-03-29 17:52:21.259+0000 INFO  [o.n.k.i.t.l.c.CheckPointerImpl] Check Pointing triggered by database shutdown [1]:  Starting appending check point entry into the tx log...
2016-03-29 17:52:21.313+0000 INFO  [o.n.k.i.t.l.c.CheckPointerImpl] Check Pointing triggered by database shutdown [1]:  Appending check point entry into the tx log completed
2016-03-29 17:52:21.314+0000 INFO  [o.n.k.i.t.l.c.CheckPointerImpl] Check Pointing triggered by database shutdown [1]:  Check pointing completed
2016-03-29 17:52:21.314+0000 INFO  [o.n.k.i.t.l.p.LogPruningImpl] Log Rotation [0]:  Starting log pruning.
2016-03-29 17:52:21.314+0000 INFO  [o.n.k.i.t.l.p.LogPruningImpl] Log Rotation [0]:  Log pruning complete.
2016-03-29 17:52:21.449+0000 INFO  [o.n.k.NeoStoreDataSource] NeoStores closed
2016-03-29 17:52:21.451+0000 INFO  [o.n.k.i.DiagnosticsManager] --- STOPPING diagnostics START ---
2016-03-29 17:52:21.451+0000 INFO  [o.n.k.i.DiagnosticsManager] --- STOPPING diagnostics END ---
